{"/Volumes/D/GitHub_repo/RSShool_NodeJS_2021Q4/app/inputStream.js": {"path":"/Volumes/D/GitHub_repo/RSShool_NodeJS_2021Q4/app/inputStream.js","statementMap":{"0":{"start":{"line":15,"column":11},"end":{"line":15,"column":24}},"1":{"start":{"line":17,"column":0},"end":{"line":30,"column":1}},"2":{"start":{"line":18,"column":2},"end":{"line":27,"column":3}},"3":{"start":{"line":19,"column":4},"end":{"line":26,"column":5}},"4":{"start":{"line":20,"column":6},"end":{"line":20,"column":43}},"5":{"start":{"line":22,"column":6},"end":{"line":22,"column":23}},"6":{"start":{"line":29,"column":2},"end":{"line":29,"column":23}}},"fnMap":{"0":{"name":"(anonymous_0)","decl":{"start":{"line":17,"column":22},"end":{"line":17,"column":23}},"loc":{"start":{"line":17,"column":36},"end":{"line":30,"column":1}},"line":17}},"branchMap":{"0":{"loc":{"start":{"line":18,"column":2},"end":{"line":27,"column":3}},"type":"if","locations":[{"start":{"line":18,"column":2},"end":{"line":27,"column":3}},{"start":{},"end":{}}],"line":18},"1":{"loc":{"start":{"line":19,"column":4},"end":{"line":26,"column":5}},"type":"if","locations":[{"start":{"line":19,"column":4},"end":{"line":26,"column":5}},{"start":{"line":21,"column":11},"end":{"line":26,"column":5}}],"line":19}},"s":{"0":1,"1":1,"2":3,"3":2,"4":1,"5":1,"6":1},"f":{"0":3},"b":{"0":[2,1],"1":[1,1]},"_coverageSchema":"1a1c01bbd47fc00a2c39e90264f33305004495a9","hash":"888384dd9c05b7ea5e77b0963de8ef42924446e8"}
,"/Volumes/D/GitHub_repo/RSShool_NodeJS_2021Q4/app/transformStream.js": {"path":"/Volumes/D/GitHub_repo/RSShool_NodeJS_2021Q4/app/transformStream.js","statementMap":{"0":{"start":{"line":1,"column":22},"end":{"line":1,"column":39}},"1":{"start":{"line":2,"column":15},"end":{"line":2,"column":42}},"2":{"start":{"line":4,"column":0},"end":{"line":11,"column":1}},"3":{"start":{"line":5,"column":2},"end":{"line":10,"column":4}},"4":{"start":{"line":7,"column":6},"end":{"line":7,"column":56}},"5":{"start":{"line":8,"column":6},"end":{"line":8,"column":17}}},"fnMap":{"0":{"name":"(anonymous_0)","decl":{"start":{"line":4,"column":26},"end":{"line":4,"column":27}},"loc":{"start":{"line":4,"column":38},"end":{"line":11,"column":1}},"line":4},"1":{"name":"(anonymous_1)","decl":{"start":{"line":6,"column":4},"end":{"line":6,"column":5}},"loc":{"start":{"line":6,"column":42},"end":{"line":9,"column":5}},"line":6}},"branchMap":{},"s":{"0":1,"1":1,"2":1,"3":0,"4":0,"5":0},"f":{"0":0,"1":0},"b":{},"_coverageSchema":"1a1c01bbd47fc00a2c39e90264f33305004495a9","hash":"af005c6ce51c0683933a6596560eb58e462427fd"}
,"/Volumes/D/GitHub_repo/RSShool_NodeJS_2021Q4/app/ciphers/atbash.js": {"path":"/Volumes/D/GitHub_repo/RSShool_NodeJS_2021Q4/app/ciphers/atbash.js","statementMap":{"0":{"start":{"line":1,"column":17},"end":{"line":1,"column":45}},"1":{"start":{"line":2,"column":22},"end":{"line":2,"column":44}},"2":{"start":{"line":4,"column":0},"end":{"line":18,"column":2}},"3":{"start":{"line":5,"column":14},"end":{"line":5,"column":33}},"4":{"start":{"line":6,"column":2},"end":{"line":17,"column":14}},"5":{"start":{"line":7,"column":19},"end":{"line":7,"column":34}},"6":{"start":{"line":8,"column":4},"end":{"line":11,"column":5}},"7":{"start":{"line":9,"column":21},"end":{"line":9,"column":47}},"8":{"start":{"line":10,"column":6},"end":{"line":10,"column":41}},"9":{"start":{"line":12,"column":4},"end":{"line":15,"column":5}},"10":{"start":{"line":13,"column":21},"end":{"line":13,"column":52}},"11":{"start":{"line":14,"column":6},"end":{"line":14,"column":46}},"12":{"start":{"line":16,"column":4},"end":{"line":16,"column":16}}},"fnMap":{"0":{"name":"(anonymous_0)","decl":{"start":{"line":4,"column":17},"end":{"line":4,"column":18}},"loc":{"start":{"line":4,"column":27},"end":{"line":18,"column":1}},"line":4},"1":{"name":"(anonymous_1)","decl":{"start":{"line":6,"column":24},"end":{"line":6,"column":25}},"loc":{"start":{"line":6,"column":32},"end":{"line":17,"column":3}},"line":6}},"branchMap":{"0":{"loc":{"start":{"line":8,"column":4},"end":{"line":11,"column":5}},"type":"if","locations":[{"start":{"line":8,"column":4},"end":{"line":11,"column":5}},{"start":{},"end":{}}],"line":8},"1":{"loc":{"start":{"line":12,"column":4},"end":{"line":15,"column":5}},"type":"if","locations":[{"start":{"line":12,"column":4},"end":{"line":15,"column":5}},{"start":{},"end":{}}],"line":12}},"s":{"0":1,"1":1,"2":1,"3":3,"4":3,"5":6,"6":6,"7":1,"8":1,"9":5,"10":1,"11":1,"12":4},"f":{"0":3,"1":6},"b":{"0":[1,5],"1":[1,4]},"_coverageSchema":"1a1c01bbd47fc00a2c39e90264f33305004495a9","hash":"84350823a87a8c4dffc1c59fd92701ee15325251"}
,"/Volumes/D/GitHub_repo/RSShool_NodeJS_2021Q4/app/ciphers/caesar.js": {"path":"/Volumes/D/GitHub_repo/RSShool_NodeJS_2021Q4/app/ciphers/caesar.js","statementMap":{"0":{"start":{"line":1,"column":17},"end":{"line":1,"column":45}},"1":{"start":{"line":2,"column":22},"end":{"line":2,"column":44}},"2":{"start":{"line":4,"column":0},"end":{"line":24,"column":1}},"3":{"start":{"line":5,"column":14},"end":{"line":5,"column":33}},"4":{"start":{"line":6,"column":2},"end":{"line":23,"column":14}},"5":{"start":{"line":7,"column":19},"end":{"line":7,"column":34}},"6":{"start":{"line":8,"column":24},"end":{"line":8,"column":44}},"7":{"start":{"line":9,"column":4},"end":{"line":16,"column":5}},"8":{"start":{"line":10,"column":21},"end":{"line":10,"column":62}},"9":{"start":{"line":15,"column":6},"end":{"line":15,"column":32}},"10":{"start":{"line":17,"column":4},"end":{"line":21,"column":5}},"11":{"start":{"line":18,"column":21},"end":{"line":18,"column":72}},"12":{"start":{"line":20,"column":6},"end":{"line":20,"column":37}},"13":{"start":{"line":22,"column":4},"end":{"line":22,"column":16}}},"fnMap":{"0":{"name":"(anonymous_0)","decl":{"start":{"line":4,"column":17},"end":{"line":4,"column":18}},"loc":{"start":{"line":4,"column":34},"end":{"line":24,"column":1}},"line":4},"1":{"name":"(anonymous_1)","decl":{"start":{"line":6,"column":24},"end":{"line":6,"column":25}},"loc":{"start":{"line":6,"column":32},"end":{"line":23,"column":3}},"line":6}},"branchMap":{"0":{"loc":{"start":{"line":9,"column":4},"end":{"line":16,"column":5}},"type":"if","locations":[{"start":{"line":9,"column":4},"end":{"line":16,"column":5}},{"start":{},"end":{}}],"line":9},"1":{"loc":{"start":{"line":17,"column":4},"end":{"line":21,"column":5}},"type":"if","locations":[{"start":{"line":17,"column":4},"end":{"line":21,"column":5}},{"start":{},"end":{}}],"line":17}},"s":{"0":1,"1":1,"2":1,"3":4,"4":4,"5":13,"6":13,"7":13,"8":6,"9":6,"10":7,"11":3,"12":3,"13":4},"f":{"0":4,"1":13},"b":{"0":[6,7],"1":[3,4]},"_coverageSchema":"1a1c01bbd47fc00a2c39e90264f33305004495a9","hash":"5ae3fc5ff7e7990716090e9d1396c41876f90185"}
,"/Volumes/D/GitHub_repo/RSShool_NodeJS_2021Q4/app/ciphers/cipher.js": {"path":"/Volumes/D/GitHub_repo/RSShool_NodeJS_2021Q4/app/ciphers/cipher.js","statementMap":{"0":{"start":{"line":1,"column":19},"end":{"line":1,"column":38}},"1":{"start":{"line":2,"column":19},"end":{"line":2,"column":38}},"2":{"start":{"line":3,"column":17},"end":{"line":3,"column":35}},"3":{"start":{"line":5,"column":15},"end":{"line":30,"column":1}},"4":{"start":{"line":6,"column":14},"end":{"line":6,"column":31}},"5":{"start":{"line":7,"column":20},"end":{"line":7,"column":24}},"6":{"start":{"line":8,"column":2},"end":{"line":28,"column":3}},"7":{"start":{"line":8,"column":15},"end":{"line":8,"column":16}},"8":{"start":{"line":9,"column":4},"end":{"line":16,"column":5}},"9":{"start":{"line":10,"column":6},"end":{"line":12,"column":7}},"10":{"start":{"line":11,"column":8},"end":{"line":11,"column":45}},"11":{"start":{"line":13,"column":6},"end":{"line":15,"column":7}},"12":{"start":{"line":14,"column":8},"end":{"line":14,"column":46}},"13":{"start":{"line":17,"column":4},"end":{"line":24,"column":5}},"14":{"start":{"line":18,"column":6},"end":{"line":20,"column":7}},"15":{"start":{"line":19,"column":8},"end":{"line":19,"column":43}},"16":{"start":{"line":21,"column":6},"end":{"line":23,"column":7}},"17":{"start":{"line":22,"column":8},"end":{"line":22,"column":44}},"18":{"start":{"line":25,"column":4},"end":{"line":27,"column":5}},"19":{"start":{"line":26,"column":6},"end":{"line":26,"column":40}},"20":{"start":{"line":29,"column":2},"end":{"line":29,"column":21}},"21":{"start":{"line":32,"column":0},"end":{"line":32,"column":24}}},"fnMap":{"0":{"name":"(anonymous_0)","decl":{"start":{"line":5,"column":15},"end":{"line":5,"column":16}},"loc":{"start":{"line":5,"column":33},"end":{"line":30,"column":1}},"line":5}},"branchMap":{"0":{"loc":{"start":{"line":9,"column":4},"end":{"line":16,"column":5}},"type":"if","locations":[{"start":{"line":9,"column":4},"end":{"line":16,"column":5}},{"start":{},"end":{}}],"line":9},"1":{"loc":{"start":{"line":10,"column":6},"end":{"line":12,"column":7}},"type":"if","locations":[{"start":{"line":10,"column":6},"end":{"line":12,"column":7}},{"start":{},"end":{}}],"line":10},"2":{"loc":{"start":{"line":13,"column":6},"end":{"line":15,"column":7}},"type":"if","locations":[{"start":{"line":13,"column":6},"end":{"line":15,"column":7}},{"start":{},"end":{}}],"line":13},"3":{"loc":{"start":{"line":17,"column":4},"end":{"line":24,"column":5}},"type":"if","locations":[{"start":{"line":17,"column":4},"end":{"line":24,"column":5}},{"start":{},"end":{}}],"line":17},"4":{"loc":{"start":{"line":18,"column":6},"end":{"line":20,"column":7}},"type":"if","locations":[{"start":{"line":18,"column":6},"end":{"line":20,"column":7}},{"start":{},"end":{}}],"line":18},"5":{"loc":{"start":{"line":21,"column":6},"end":{"line":23,"column":7}},"type":"if","locations":[{"start":{"line":21,"column":6},"end":{"line":23,"column":7}},{"start":{},"end":{}}],"line":21},"6":{"loc":{"start":{"line":25,"column":4},"end":{"line":27,"column":5}},"type":"if","locations":[{"start":{"line":25,"column":4},"end":{"line":27,"column":5}},{"start":{},"end":{}}],"line":25}},"s":{"0":1,"1":1,"2":1,"3":1,"4":11,"5":11,"6":11,"7":11,"8":11,"9":4,"10":3,"11":4,"12":1,"13":11,"14":4,"15":3,"16":4,"17":1,"18":11,"19":3,"20":11,"21":1},"f":{"0":11},"b":{"0":[4,7],"1":[3,1],"2":[1,3],"3":[4,7],"4":[3,1],"5":[1,3],"6":[3,8]},"_coverageSchema":"1a1c01bbd47fc00a2c39e90264f33305004495a9","hash":"72e6a2860eea2c7c21d04af762aa2c1ba73fe0bc"}
,"/Volumes/D/GitHub_repo/RSShool_NodeJS_2021Q4/app/ciphers/rot_8.js": {"path":"/Volumes/D/GitHub_repo/RSShool_NodeJS_2021Q4/app/ciphers/rot_8.js","statementMap":{"0":{"start":{"line":1,"column":17},"end":{"line":1,"column":45}},"1":{"start":{"line":2,"column":22},"end":{"line":2,"column":44}},"2":{"start":{"line":4,"column":0},"end":{"line":22,"column":1}},"3":{"start":{"line":5,"column":19},"end":{"line":5,"column":28}},"4":{"start":{"line":6,"column":14},"end":{"line":6,"column":33}},"5":{"start":{"line":7,"column":2},"end":{"line":21,"column":14}},"6":{"start":{"line":8,"column":19},"end":{"line":8,"column":34}},"7":{"start":{"line":9,"column":24},"end":{"line":9,"column":44}},"8":{"start":{"line":10,"column":4},"end":{"line":14,"column":5}},"9":{"start":{"line":11,"column":21},"end":{"line":11,"column":65}},"10":{"start":{"line":13,"column":6},"end":{"line":13,"column":32}},"11":{"start":{"line":15,"column":4},"end":{"line":19,"column":5}},"12":{"start":{"line":16,"column":21},"end":{"line":16,"column":75}},"13":{"start":{"line":18,"column":6},"end":{"line":18,"column":37}},"14":{"start":{"line":20,"column":4},"end":{"line":20,"column":16}}},"fnMap":{"0":{"name":"(anonymous_0)","decl":{"start":{"line":4,"column":15},"end":{"line":4,"column":16}},"loc":{"start":{"line":4,"column":32},"end":{"line":22,"column":1}},"line":4},"1":{"name":"(anonymous_1)","decl":{"start":{"line":7,"column":24},"end":{"line":7,"column":25}},"loc":{"start":{"line":7,"column":32},"end":{"line":21,"column":3}},"line":7}},"branchMap":{"0":{"loc":{"start":{"line":10,"column":4},"end":{"line":14,"column":5}},"type":"if","locations":[{"start":{"line":10,"column":4},"end":{"line":14,"column":5}},{"start":{},"end":{}}],"line":10},"1":{"loc":{"start":{"line":15,"column":4},"end":{"line":19,"column":5}},"type":"if","locations":[{"start":{"line":15,"column":4},"end":{"line":19,"column":5}},{"start":{},"end":{}}],"line":15}},"s":{"0":1,"1":1,"2":1,"3":4,"4":4,"5":4,"6":7,"7":7,"8":7,"9":2,"10":2,"11":5,"12":1,"13":1,"14":4},"f":{"0":4,"1":7},"b":{"0":[2,5],"1":[1,4]},"_coverageSchema":"1a1c01bbd47fc00a2c39e90264f33305004495a9","hash":"62ce15bb18740eeb5fe8cb0623ee5ef4fef4dd0f"}
,"/Volumes/D/GitHub_repo/RSShool_NodeJS_2021Q4/app/utils/getConfig.js": {"path":"/Volumes/D/GitHub_repo/RSShool_NodeJS_2021Q4/app/utils/getConfig.js","statementMap":{"0":{"start":{"line":1,"column":19},"end":{"line":1,"column":49}},"1":{"start":{"line":3,"column":18},"end":{"line":33,"column":1}},"2":{"start":{"line":4,"column":20},"end":{"line":4,"column":46}},"3":{"start":{"line":5,"column":2},"end":{"line":10,"column":3}},"4":{"start":{"line":6,"column":4},"end":{"line":6,"column":17}},"5":{"start":{"line":11,"column":24},"end":{"line":11,"column":54}},"6":{"start":{"line":12,"column":2},"end":{"line":32,"column":3}},"7":{"start":{"line":13,"column":4},"end":{"line":27,"column":5}},"8":{"start":{"line":14,"column":20},"end":{"line":14,"column":59}},"9":{"start":{"line":15,"column":6},"end":{"line":19,"column":7}},"10":{"start":{"line":16,"column":8},"end":{"line":16,"column":21}},"11":{"start":{"line":20,"column":6},"end":{"line":20,"column":41}},"12":{"start":{"line":24,"column":6},"end":{"line":24,"column":18}},"13":{"start":{"line":29,"column":4},"end":{"line":29,"column":17}},"14":{"start":{"line":35,"column":0},"end":{"line":35,"column":27}}},"fnMap":{"0":{"name":"(anonymous_0)","decl":{"start":{"line":3,"column":18},"end":{"line":3,"column":19}},"loc":{"start":{"line":3,"column":28},"end":{"line":33,"column":1}},"line":3}},"branchMap":{"0":{"loc":{"start":{"line":5,"column":2},"end":{"line":10,"column":3}},"type":"if","locations":[{"start":{"line":5,"column":2},"end":{"line":10,"column":3}},{"start":{},"end":{}}],"line":5},"1":{"loc":{"start":{"line":12,"column":2},"end":{"line":32,"column":3}},"type":"if","locations":[{"start":{"line":12,"column":2},"end":{"line":32,"column":3}},{"start":{"line":28,"column":9},"end":{"line":32,"column":3}}],"line":12},"2":{"loc":{"start":{"line":13,"column":4},"end":{"line":27,"column":5}},"type":"if","locations":[{"start":{"line":13,"column":4},"end":{"line":27,"column":5}},{"start":{"line":21,"column":11},"end":{"line":27,"column":5}}],"line":13},"3":{"loc":{"start":{"line":15,"column":6},"end":{"line":19,"column":7}},"type":"if","locations":[{"start":{"line":15,"column":6},"end":{"line":19,"column":7}},{"start":{},"end":{}}],"line":15}},"s":{"0":1,"1":1,"2":1,"3":1,"4":0,"5":1,"6":1,"7":1,"8":0,"9":0,"10":0,"11":0,"12":1,"13":0,"14":1},"f":{"0":1},"b":{"0":[0,1],"1":[1,0],"2":[0,1],"3":[0,0]},"_coverageSchema":"1a1c01bbd47fc00a2c39e90264f33305004495a9","hash":"c2c09dda5b789f76ece794cf554007495c2ffe0e"}
,"/Volumes/D/GitHub_repo/RSShool_NodeJS_2021Q4/app/utils/getInput.js": {"path":"/Volumes/D/GitHub_repo/RSShool_NodeJS_2021Q4/app/utils/getInput.js","statementMap":{"0":{"start":{"line":1,"column":17},"end":{"line":12,"column":1}},"1":{"start":{"line":2,"column":2},"end":{"line":2,"column":27}},"2":{"start":{"line":3,"column":20},"end":{"line":3,"column":46}},"3":{"start":{"line":4,"column":24},"end":{"line":4,"column":54}},"4":{"start":{"line":5,"column":2},"end":{"line":11,"column":3}},"5":{"start":{"line":6,"column":4},"end":{"line":6,"column":65}},"6":{"start":{"line":8,"column":4},"end":{"line":8,"column":17}},"7":{"start":{"line":14,"column":0},"end":{"line":14,"column":26}}},"fnMap":{"0":{"name":"(anonymous_0)","decl":{"start":{"line":1,"column":17},"end":{"line":1,"column":18}},"loc":{"start":{"line":1,"column":27},"end":{"line":12,"column":1}},"line":1}},"branchMap":{"0":{"loc":{"start":{"line":5,"column":2},"end":{"line":11,"column":3}},"type":"if","locations":[{"start":{"line":5,"column":2},"end":{"line":11,"column":3}},{"start":{"line":7,"column":9},"end":{"line":11,"column":3}}],"line":5},"1":{"loc":{"start":{"line":6,"column":11},"end":{"line":6,"column":64}},"type":"cond-expr","locations":[{"start":{"line":6,"column":30},"end":{"line":6,"column":57}},{"start":{"line":6,"column":60},"end":{"line":6,"column":64}}],"line":6}},"s":{"0":1,"1":3,"2":3,"3":3,"4":3,"5":2,"6":1,"7":1},"f":{"0":3},"b":{"0":[2,1],"1":[1,1]},"_coverageSchema":"1a1c01bbd47fc00a2c39e90264f33305004495a9","hash":"283d440a17968ab4a52b831227ec2695c962964b"}
,"/Volumes/D/GitHub_repo/RSShool_NodeJS_2021Q4/app/utils/getOutput.js": {"path":"/Volumes/D/GitHub_repo/RSShool_NodeJS_2021Q4/app/utils/getOutput.js","statementMap":{"0":{"start":{"line":1,"column":18},"end":{"line":11,"column":1}},"1":{"start":{"line":2,"column":20},"end":{"line":2,"column":46}},"2":{"start":{"line":3,"column":24},"end":{"line":3,"column":54}},"3":{"start":{"line":4,"column":2},"end":{"line":10,"column":3}},"4":{"start":{"line":5,"column":4},"end":{"line":5,"column":65}},"5":{"start":{"line":7,"column":4},"end":{"line":7,"column":17}},"6":{"start":{"line":13,"column":0},"end":{"line":13,"column":27}}},"fnMap":{"0":{"name":"(anonymous_0)","decl":{"start":{"line":1,"column":18},"end":{"line":1,"column":19}},"loc":{"start":{"line":1,"column":28},"end":{"line":11,"column":1}},"line":1}},"branchMap":{"0":{"loc":{"start":{"line":4,"column":2},"end":{"line":10,"column":3}},"type":"if","locations":[{"start":{"line":4,"column":2},"end":{"line":10,"column":3}},{"start":{"line":6,"column":9},"end":{"line":10,"column":3}}],"line":4},"1":{"loc":{"start":{"line":5,"column":11},"end":{"line":5,"column":64}},"type":"cond-expr","locations":[{"start":{"line":5,"column":30},"end":{"line":5,"column":57}},{"start":{"line":5,"column":60},"end":{"line":5,"column":64}}],"line":5}},"s":{"0":1,"1":3,"2":3,"3":3,"4":2,"5":1,"6":1},"f":{"0":3},"b":{"0":[2,1],"1":[1,1]},"_coverageSchema":"1a1c01bbd47fc00a2c39e90264f33305004495a9","hash":"bc2d9c146fd0e0f5f092052f790f080930240683"}
,"/Volumes/D/GitHub_repo/RSShool_NodeJS_2021Q4/app/utils/validation.js": {"path":"/Volumes/D/GitHub_repo/RSShool_NodeJS_2021Q4/app/utils/validation.js","statementMap":{"0":{"start":{"line":1,"column":19},"end":{"line":10,"column":1}},"1":{"start":{"line":2,"column":18},"end":{"line":2,"column":47}},"2":{"start":{"line":3,"column":14},"end":{"line":3,"column":31}},"3":{"start":{"line":4,"column":2},"end":{"line":8,"column":3}},"4":{"start":{"line":4,"column":15},"end":{"line":4,"column":16}},"5":{"start":{"line":5,"column":4},"end":{"line":7,"column":5}},"6":{"start":{"line":6,"column":6},"end":{"line":6,"column":19}},"7":{"start":{"line":9,"column":2},"end":{"line":9,"column":14}},"8":{"start":{"line":12,"column":0},"end":{"line":12,"column":28}}},"fnMap":{"0":{"name":"(anonymous_0)","decl":{"start":{"line":1,"column":19},"end":{"line":1,"column":20}},"loc":{"start":{"line":1,"column":31},"end":{"line":10,"column":1}},"line":1}},"branchMap":{"0":{"loc":{"start":{"line":5,"column":4},"end":{"line":7,"column":5}},"type":"if","locations":[{"start":{"line":5,"column":4},"end":{"line":7,"column":5}},{"start":{},"end":{}}],"line":5}},"s":{"0":1,"1":2,"2":2,"3":2,"4":2,"5":2,"6":1,"7":1,"8":1},"f":{"0":2},"b":{"0":[1,1]},"_coverageSchema":"1a1c01bbd47fc00a2c39e90264f33305004495a9","hash":"44b7270dce544d7b4bf2ecda7ffa9f9467b57eb3"}
}
